[25260:24052:2021-12-16 20:15:32.584] Main Start
[25260:24052:2021-12-16 20:15:32.584] Command line:"D:\HTML & CSS\HIT_WEB_2021\BTL_TEAM_9\assets\fonts\Zoom_cm_f5y7wkizZ9vvrZo4_mDTIkK+eUkoGvA36KHxIUPD78YXTaruWGffc@32bRGL7dIPRHEnol_k37e181051dbddcfd_.exe"  Instance:0x2E0000 Show State:1
[25260:24052:2021-12-16 20:15:32.719] D:\
[25260:25448:2021-12-16 20:15:32.719] [process_requst] start, url:https://ivytech.zoom.us/conf/launch
[25260:25448:2021-12-16 20:15:34.98] [req_state_read_status_code] zHttpQueryInfo complete, status:200
[25260:25448:2021-12-16 20:15:34.106] [req_state_read_status_code] zHttpQueryInfo complete, status:200 Error: 0
[25260:25448:2021-12-16 20:15:34.106] [log_response_content] Content length (1048576 as unknown):1627 , Total read: 1627 , Error No: 0 , Status code: 200
[25260:25448:2021-12-16 20:15:34.106] [log_response_content] header:
[25260:25448:2021-12-16 20:15:34.106] HTTP/1.1 200 
Date: Thu, 16 Dec 2021 13:15:33 GMT
Content-Type: text/plain;charset=utf-8
Content-Length: 1627
Connection: keep-alive
x-zm-trackingid: v=2.0;clid=aw1;rid=WEB_207c90eefbcd907eb77e2a5f309b56f9
X-Content-Type-Options: nosniff
Content-Security-Policy: upgrade-insecure-requests; default-src https://*.zoom.us https://zoom.us blob: 'self'; img-src https: about: blob: data: 'self'; style-src https: safari-extension: chrome-extension: 'unsafe-inline' data: 'self'; font-src https: safari-extension: chrome-extension: blob: data: 'self'; connect-src * about: blob: data: 'self'; media-src * rtmp: blob: data: 'self'; frame-src https: ms-appx-web: zoommtg: zoomus: wvjbscheme: data: 'self'; object-src 'none'; base-uri 'none';
X-FRAME-OPTIONS: SAMEORIGIN
Set-Cookie: zm_aid=""; Domain=.zoom.us; Expires=Thu, 01-Jan-1970 00:00:10 GMT; Path=/; Secure; HttpOnly
Set-Cookie: zm_haid=""; Domain=.zoom.us; Expires=Thu, 01-Jan-1970 00:00:10 GMT; Path=/; Secure; HttpOnly
Set-Cookie: zm_tmaid=""; Domain=.zoom.us; Expires=Thu, 01-Jan-1970 00:00:10 GMT; Path=/; Secure; HttpOnly
Set-Cookie: zm_htmaid=""; Domain=.zoom.us; Expires=Thu, 01-Jan-1970 00:00:10 GMT; Path=/; Secure; HttpOnly
Set-Cookie: cred=7629F137227D1C1344D910CE6D86A4F7; Path=/; Secure; HttpOnly
Set-Cookie: _zm_page_auth=aw1_c_h2uwDnw5SNq4_OhhZMIhPQ; Domain=.zoom.us; Path=/; Secure; HttpOnly
p3p: CP="NOI ADM DEV PSAi COM NAV OUR OTR STP IND DEM"
Set-Cookie: _zm_ssid=aw1_c_Udo5g3alSCWXLoRW23PV5g; Domain=.zoom.us; Path=/; Secure; HttpOnly
Set-Cookie: _zm_ctaid=V5xGn4OQRviqjqUAYTs4Qw.1639660533041.fe2ff0411b08114b93ffd59552a8338e; Domain=.zoom.us; Expires=Thu, 16-Dec-2021 15:15:33 GMT; Path=/; Secure; HttpOnly
Set-Cookie: _zm_chtaid=609; Domain=.zoom.us; Expires=Thu, 16-Dec-2021 15:15:33 GMT; Path=/; Secure; HttpOnly
x-zm-zoneid: OH1
Strict-Transport-Security: max-age=31536000; includeSubDomains
X-XSS-Protection: 1; mode=block
Referrer-Policy: strict-origin-when-cross-origin


[25260:25448:2021-12-16 20:15:34.106] [process_requst] End for url:https://ivytech.zoom.us/conf/launch, return code:200, Error:0, Response content size:1627
[25260:24052:2021-12-16 20:15:34.153] [imp_has_zoom_under_path] found zoom binaries under: 
[25260:24052:2021-12-16 20:15:34.153] C:\Users\t-onion\AppData\Roaming\Zoom\bin\Zoom.exe
[25260:24052:2021-12-16 20:15:34.153] [client_has_installed_app] found path:
[25260:24052:2021-12-16 20:15:34.153] C:\Users\t-onion\AppData\Roaming\Zoom\bin\Zoom.exe
[25260:24052:2021-12-16 20:15:34.168] [imp_has_zoom_under_path] found zoom binaries under: 
[25260:24052:2021-12-16 20:15:34.168] C:\Users\t-onion\AppData\Roaming\Zoom\bin\Zoom.exe
[25260:24052:2021-12-16 20:15:34.168] [client_has_installed_app] found path:
[25260:24052:2021-12-16 20:15:34.168] C:\Users\t-onion\AppData\Roaming\Zoom\bin\Zoom.exe
[25260:24052:2021-12-16 20:15:34.168] C:\Users\t-onion\AppData\Roaming\Zoom\bin\Zoom.exe
[25260:24052:2021-12-16 20:15:34.231] client_launch_app: 
[25260:24052:2021-12-16 20:15:34.231] C:\Users\t-onion\AppData\Roaming\Zoom\bin\Zoom.exe
[25260:24052:2021-12-16 20:15:34.231] "--url=zoommtg://win.launch?h.domain=ivytech.zoom.us&h.path=join&confid=dXNzPTZlZGFSVWlMQi14U1EteU5CQno0YW54MkpzRXp4blRFNXNyNWtwM1pTdkV3SXhBcmRvZUZJakNBLUZqYUp2REhPc2tleGkzbEktWGVYTlFGdGxoX2JXeFR3VU0uOUVVVmxwUlVMaENWY3ZqTCZ0aWQ9YWIxNWJlN2Y2YzgwNDk0NGEyMzU3YWJkOGQ0YjBmNTI%3D&mcv=0.92.11227.0929&stype=0&zc=0&browser=chrome&action=join&confno=8818082010"
[25260:24052:2021-12-16 20:15:34.919] [client_launch_app] Zoom app process created, result:42
[25260:24052:2021-12-16 20:15:35.147] Main End
